c:\users\portallife\documents\uni\games dev\cw2 a new hope\cw2 a new hope\debug\vc120.pdb
c:\users\portallife\documents\uni\games dev\cw2 a new hope\cw2 a new hope\debug\vc120.idb
c:\users\portallife\documents\uni\games dev\cw2 a new hope\cw2 a new hope\debug\player.obj
c:\users\portallife\documents\uni\games dev\cw2 a new hope\cw2 a new hope\debug\main.obj
c:\users\portallife\documents\uni\games dev\cw2 a new hope\cw2 a new hope\debug\source.obj
c:\users\portallife\documents\uni\games dev\cw2 a new hope\cw2 a new hope\debug\character.obj
c:\users\portallife\documents\uni\games dev\cw2 a new hope\debug\cw2 a new hope.ilk
c:\users\portallife\documents\uni\games dev\cw2 a new hope\debug\cw2 a new hope.exe
c:\users\portallife\documents\uni\games dev\cw2 a new hope\debug\cw2 a new hope.pdb
c:\users\portallife\documents\uni\games dev\cw2 a new hope\cw2 a new hope\debug\cw2 a new hope.tlog\cl.command.1.tlog
c:\users\portallife\documents\uni\games dev\cw2 a new hope\cw2 a new hope\debug\cw2 a new hope.tlog\cl.read.1.tlog
c:\users\portallife\documents\uni\games dev\cw2 a new hope\cw2 a new hope\debug\cw2 a new hope.tlog\cl.write.1.tlog
c:\users\portallife\documents\uni\games dev\cw2 a new hope\cw2 a new hope\debug\cw2 a new hope.tlog\link.63192-cvtres.read.1.tlog
c:\users\portallife\documents\uni\games dev\cw2 a new hope\cw2 a new hope\debug\cw2 a new hope.tlog\link.63192-cvtres.write.1.tlog
c:\users\portallife\documents\uni\games dev\cw2 a new hope\cw2 a new hope\debug\cw2 a new hope.tlog\link.63192-rc.read.1.tlog
c:\users\portallife\documents\uni\games dev\cw2 a new hope\cw2 a new hope\debug\cw2 a new hope.tlog\link.63192-rc.write.1.tlog
c:\users\portallife\documents\uni\games dev\cw2 a new hope\cw2 a new hope\debug\cw2 a new hope.tlog\link.63192.read.1.tlog
c:\users\portallife\documents\uni\games dev\cw2 a new hope\cw2 a new hope\debug\cw2 a new hope.tlog\link.63192.write.1.tlog
c:\users\portallife\documents\uni\games dev\cw2 a new hope\cw2 a new hope\debug\cw2 a new hope.tlog\link.command.1.tlog
c:\users\portallife\documents\uni\games dev\cw2 a new hope\cw2 a new hope\debug\cw2 a new hope.tlog\link.read.1.tlog
c:\users\portallife\documents\uni\games dev\cw2 a new hope\cw2 a new hope\debug\cw2 a new hope.tlog\link.write.1.tlog
